<?xml version="1.0" encoding="UTF-8"?>
<!-- Generated by org.testng.reporters.JUnitReportReporter -->
<testsuite hostname="DESKTOP-KDQE924" failures="0" tests="5" name="utils.ExcelDataProvider" time="12.692" errors="0" timestamp="2021-11-03T21:56:19 EDT" skipped="0">
  <testcase classname="utils.ExcelDataProvider" name="test1" time="3.046"/>
  <system-out/>
  <testcase classname="utils.ExcelDataProvider" name="test1" time="2.416"/>
  <system-out/>
  <testcase classname="utils.ExcelDataProvider" name="test1" time="2.382"/>
  <system-out/>
  <testcase classname="utils.ExcelDataProvider" name="test1" time="2.421"/>
  <system-out/>
  <testcase classname="utils.ExcelDataProvider" name="test1" time="2.427"/>
  <system-out/>
</testsuite> <!-- utils.ExcelDataProvider -->
