<?xml version="1.0" encoding="UTF-8"?>
<!-- Generated by org.testng.reporters.JUnitReportReporter -->
<testsuite hostname="DESKTOP-KDQE924" failures="0" tests="3" name="testCases.TestNGDependencyDemo" time="0.018" errors="0" timestamp="2021-11-05T16:48:47 EDT" skipped="0">
  <testcase classname="testCases.TestNGDependencyDemo" name="test1" time="0.002"/>
  <system-out/>
  <testcase classname="testCases.TestNGDependencyDemo" name="test3" time="0.002"/>
  <system-out/>
  <testcase classname="testCases.TestNGDependencyDemo" name="test2" time="0.014"/>
  <system-out/>
</testsuite> <!-- testCases.TestNGDependencyDemo -->
