<?xml version="1.0" encoding="UTF-8"?>
<!-- Generated by org.testng.reporters.JUnitReportReporter -->
<testsuite hostname="DESKTOP-KDQE924" failures="0" tests="1" name="testCases.TestEbay" time="3.952" errors="0" timestamp="2021-11-10T17:01:53 EST" skipped="0">
  <testcase classname="testCases.TestEbay" name="searchThingsandVerify" time="3.952"/>
  <system-out/>
</testsuite> <!-- testCases.TestEbay -->
