<?xml version="1.0" encoding="UTF-8"?>
<!-- Generated by org.testng.reporters.JUnitReportReporter -->
<testsuite hostname="DESKTOP-KDQE924" failures="0" tests="1" name="testCases.TestEbay" time="4.020" errors="0" timestamp="2021-11-02T13:17:10 EDT" skipped="0">
  <testcase classname="testCases.TestEbay" name="searchThingsandVerify" time="4.020"/>
  <system-out/>
</testsuite> <!-- testCases.TestEbay -->
