<?xml version="1.0" encoding="UTF-8"?>
<!-- Generated by org.testng.reporters.JUnitReportReporter -->
<testsuite hostname="DESKTOP-KDQE924" failures="0" tests="3" name="testCases.TestNGIgnoreDemo" time="0.021" errors="0" timestamp="2021-11-05T16:53:40 EDT" skipped="0">
  <testcase classname="testCases.TestNGIgnoreDemo" name="test2" time="0.016"/>
  <system-out/>
  <testcase classname="testCases.TestNGIgnoreDemo" name="test4" time="0.003"/>
  <system-out/>
  <testcase classname="testCases.TestNGIgnoreDemo" name="test3" time="0.002"/>
  <system-out/>
</testsuite> <!-- testCases.TestNGIgnoreDemo -->
