<?xml version="1.0" encoding="UTF-8"?>
<!-- Generated by org.testng.reporters.JUnitReportReporter -->
<testsuite hostname="DESKTOP-KDQE924" failures="0" tests="1" name="testCases.TestNGParametersDemo" time="0.019" errors="0" timestamp="2021-11-05T14:43:50 EDT" skipped="0">
  <testcase classname="testCases.TestNGParametersDemo" name="test" time="0.019"/>
  <system-out/>
</testsuite> <!-- testCases.TestNGParametersDemo -->
