<?xml version="1.0" encoding="UTF-8"?>
<!-- Generated by org.testng.reporters.JUnitReportReporter -->
<testsuite hostname="DESKTOP-KDQE924" failures="0" tests="4" name="testCases.TestNGGroupsDemo" time="0.025" errors="0" timestamp="2021-11-05T16:43:38 EDT" skipped="0">
  <testcase classname="testCases.TestNGGroupsDemo" name="test1" time="0.018"/>
  <system-out/>
  <testcase classname="testCases.TestNGGroupsDemo" name="test3" time="0.002"/>
  <system-out/>
  <testcase classname="testCases.TestNGGroupsDemo" name="test4" time="0.003"/>
  <system-out/>
  <testcase classname="testCases.TestNGGroupsDemo" name="test2" time="0.002"/>
  <system-out/>
</testsuite> <!-- testCases.TestNGGroupsDemo -->
